[debug] [2018-04-13T02:50:58.581Z] ----------------------------------------------------------------------
[debug] [2018-04-13T02:50:58.584Z] Command:       C:\Program Files\nodejs\node.exe C:\Users\admin\AppData\Roaming\npm\node_modules\firebase-tools\bin\firebase init
[debug] [2018-04-13T02:50:58.584Z] CLI Version:   3.18.3
[debug] [2018-04-13T02:50:58.584Z] Platform:      win32
[debug] [2018-04-13T02:50:58.584Z] Node Version:  v8.11.1
[debug] [2018-04-13T02:50:58.585Z] Time:          Thu Apr 12 2018 22:50:58 GMT-0400 (Eastern Daylight Time)
[debug] [2018-04-13T02:50:58.585Z] ----------------------------------------------------------------------
[debug] 
[debug] [2018-04-13T02:50:58.594Z] > command requires scopes: ["email","openid","https://www.googleapis.com/auth/cloudplatformprojects.readonly","https://www.googleapis.com/auth/firebase"]
[debug] [2018-04-13T02:50:58.595Z] > authorizing via signed-in user
[info] 
     ######## #### ########  ######## ########     ###     ######  ########
     ##        ##  ##     ## ##       ##     ##  ##   ##  ##       ##
     ######    ##  ########  ######   ########  #########  ######  ######
     ##        ##  ##    ##  ##       ##     ## ##     ##       ## ##
     ##       #### ##     ## ######## ########  ##     ##  ######  ########

You're about to initialize a Firebase project in this directory:

  C:\Users\admin\Documents\GitHub\t-extinguisher

[info] 
=== Project Setup
[info] 
[info] First, let's associate this project directory with a Firebase project.
[info] You can create multiple project aliases by running firebase use --add, 
[info] but for now we'll just set up a default project.
[info] 
[debug] [2018-04-13T02:51:36.702Z] > refreshing access token with scopes: ["email","https://www.googleapis.com/auth/cloudplatformprojects.readonly","https://www.googleapis.com/auth/firebase","openid"]
[debug] [2018-04-13T02:51:36.702Z] >>> HTTP REQUEST POST https://www.googleapis.com/oauth2/v3/token  
 { refresh_token: '1/r0YhANxScWCBgbP7K8QYL-wuKkY6f54CEqwpJZKw93vdnqEcmbUAVLNY-B6Coytj',
  client_id: '563584335869-fgrhgmd47bqnekij5i8b5pr03ho849e6.apps.googleusercontent.com',
  client_secret: 'j9iVZfS8kkCEFUPaAeJV0sAi',
  grant_type: 'refresh_token',
  scope: 'email https://www.googleapis.com/auth/cloudplatformprojects.readonly https://www.googleapis.com/auth/firebase openid' } 
 Thu Apr 12 2018 22:51:36 GMT-0400 (Eastern Daylight Time)
[debug] [2018-04-13T02:51:36.961Z] <<< HTTP RESPONSE 200
[debug] [2018-04-13T02:51:37.030Z] >>> HTTP REQUEST GET https://admin.firebase.com/v1/projects  
  
 Thu Apr 12 2018 22:51:37 GMT-0400 (Eastern Daylight Time)
[debug] [2018-04-13T02:51:37.697Z] <<< HTTP RESPONSE 200
[info] 
=== Hosting Setup
[info] 
[info] Your public directory is the folder (relative to your project directory) that
[info] will contain Hosting assets to be uploaded with firebase deploy. If you
[info] have a build process for your assets, use your build's output directory.
[info] 
